2025-06-06 15:37:35,918 - INFO - --- Starting ETL Pipeline ---
2025-06-06 15:37:35,920 - INFO - Step 1: Collecting fresh data...
2025-06-06 15:37:38,537 - INFO - Step 2: Preparing data into clean DataFrames...
2025-06-06 15:37:38,540 - INFO - Data preparation complete.
2025-06-06 15:37:38,540 - INFO - Step 3: Loading DataFrames into MySQL Database...
2025-06-06 15:37:38,689 - INFO - Database connection closed.
2025-06-06 15:37:38,689 - INFO - --- ETL Pipeline Finished ---
2025-06-07 13:25:07,286 - INFO - --- Starting ETL Pipeline ---
2025-06-07 13:25:07,288 - INFO - Step 1: Collecting fresh data...
2025-06-07 13:25:10,012 - INFO - Step 2: Preparing data into clean DataFrames...
2025-06-07 13:25:10,040 - INFO - Data preparation complete.
2025-06-07 13:25:10,040 - INFO - Step 3: Loading DataFrames into MySQL Database...
2025-06-07 13:25:10,190 - INFO - Database connection closed.
2025-06-07 13:25:10,191 - INFO - --- ETL Pipeline Finished ---
2025-06-09 13:38:23,175 - INFO - --- Starting ETL Pipeline ---
2025-06-09 13:38:23,178 - INFO - Step 1: Collecting fresh data...
2025-06-09 13:38:26,087 - INFO - Step 2: Preparing data into clean DataFrames...
2025-06-09 13:38:26,098 - INFO - Data preparation complete.
2025-06-09 13:38:26,098 - INFO - Step 3: Loading DataFrames into MySQL Database...
2025-06-09 13:38:26,575 - INFO - Database connection closed.
2025-06-09 13:38:26,575 - INFO - --- ETL Pipeline Finished ---
